\BOOKMARK [0][]{chapter*.2}{\376\377\000I\000n\000d\000l\000e\000d\000n\000i\000n\000g}{}% 1
\BOOKMARK [0][]{chapter*.3}{\376\377\000N\000i\000v\000e\000a\000u\000\040\0001}{}% 2
\BOOKMARK [1][]{table.caption.4}{\376\377\000E\000v\000n\000e\000\040\000b\000e\000s\000k\000r\000i\000v\000e\000l\000s\000e}{chapter*.3}% 3
\BOOKMARK [2][]{section*.5}{\376\377\000I\000n\000d\000g\000y\000d\000\040\000\306\000r\000l\000i\000g\000h\000e\000d}{table.caption.4}% 4
\BOOKMARK [2][]{section*.5}{\376\377\000I\000n\000d\000k\000o\000m\000s\000t}{table.caption.4}% 5
\BOOKMARK [2][]{section*.5}{\376\377\000L\000\346\000s\000e\000\040\000o\000g\000\040\000s\000k\000r\000i\000v\000e\000\040\000E\000l\000v\000i\000s\000k}{table.caption.4}% 6
\BOOKMARK [2][]{figure.caption.6}{\376\377\000L\000\346\000s\000e\000\040\000o\000g\000\040\000s\000k\000r\000i\000v\000e\000\040\000H\000e\000l\000l\000i\000g}{table.caption.4}% 7
\BOOKMARK [2][]{subsection*.8}{\376\377\000L\000\346\000s\000e\000\040\000o\000g\000\040\000s\000k\000r\000i\000v\000e\000\040\000M\000a\000g\000i\000s\000k}{table.caption.4}% 8
\BOOKMARK [0][]{chapter*.10}{\376\377\000N\000i\000v\000e\000a\000u\000\040\0002}{}% 9
\BOOKMARK [1][]{table.caption.11}{\376\377\000E\000v\000n\000e\000\040\000b\000e\000s\000k\000r\000i\000v\000e\000l\000s\000e}{chapter*.10}% 10
\BOOKMARK [2][]{section*.12}{\376\377\000E\000k\000s\000t\000r\000a\000\040\000N\000K\000\040\000N\000i\000v\000.\000\040\0001}{table.caption.11}% 11
\BOOKMARK [2][]{section*.12}{\376\377\000H\000i\000s\000t\000o\000r\000i\000e\000k\000u\000n\000d\000s\000k\000a\000b}{table.caption.11}% 12
\BOOKMARK [2][]{section*.12}{\376\377\000I\000n\000d\000g\000y\000d\000\040\000H\000o\000v\000m\000o\000d}{table.caption.11}% 13
\BOOKMARK [2][]{section*.12}{\376\377\000I\000n\000d\000g\000y\000d\000\040\000M\000o\000d}{table.caption.11}% 14
\BOOKMARK [0][]{chapter*.13}{\376\377\000N\000i\000v\000e\000a\000u\000\040\0003}{}% 15
\BOOKMARK [1][]{table.caption.14}{\376\377\000E\000v\000n\000e\000\040\000b\000e\000s\000k\000r\000i\000v\000e\000l\000s\000e}{chapter*.13}% 16
\BOOKMARK [2][]{section*.15}{\376\377\000B\000a\000n\000d}{table.caption.14}% 17
\BOOKMARK [2][]{section*.15}{\376\377\000I\000n\000d\000g\000y\000d\000\040\000P\000a\000r\000a\000n\000o\000i\000a}{table.caption.14}% 18
\BOOKMARK [2][]{section*.15}{\376\377\000I\000n\000d\000g\000y\000d\000\040\000K\000\346\000r\000l\000i\000g\000h\000e\000d}{table.caption.14}% 19
\BOOKMARK [2][]{section*.15}{\376\377\000R\000y\000g\000t\000e\000\040\000S\000p\000r\000e\000d\000e\000r\000/\000S\000a\000m\000l\000e\000r\000\040\000N\000i\000v\000.\000\040\0001}{table.caption.14}% 20
\BOOKMARK [0][]{chapter*.16}{\376\377\000N\000i\000v\000e\000a\000u\000\040\0004}{}% 21
\BOOKMARK [1][]{table.caption.17}{\376\377\000E\000v\000n\000e\000\040\000b\000e\000s\000k\000r\000i\000v\000e\000l\000s\000e}{chapter*.16}% 22
\BOOKMARK [2][]{section*.18}{\376\377\000A\000r\000k\000\346\000o\000l\000o\000g}{table.caption.17}% 23
\BOOKMARK [2][]{section*.18}{\376\377\000I\000n\000d\000g\000y\000d\000\040\000H\000a\000d}{table.caption.17}% 24
\BOOKMARK [2][]{section*.18}{\376\377\000I\000n\000d\000g\000y\000d\000\040\000L\000\370\000s\000t\000l\000\370\000g\000n}{table.caption.17}% 25
\BOOKMARK [2][]{section*.18}{\376\377\000L\000a\000v\000\040\000M\000a\000g\000i\000s\000k\000e\000\040\000S\000k\000r\000i\000f\000t\000r\000u\000l\000l\000e\000r}{table.caption.17}% 26
\BOOKMARK [2][]{section*.18}{\376\377\000P\000r\000o\000f\000e\000s\000s\000o\000r\000a\000t}{table.caption.17}% 27
\BOOKMARK [2][]{section*.18}{\376\377\000R\000y\000g\000t\000e\000\040\000S\000p\000r\000e\000d\000e\000r\000/\000S\000a\000m\000l\000e\000r\000\040\000N\000i\000v\000.\000\040\0002}{table.caption.17}% 28
\BOOKMARK [0][]{chapter*.19}{\376\377\000G\000e\000n\000e\000r\000e\000l\000l\000e\000\040\000e\000v\000n\000e\000r}{}% 29
\BOOKMARK [1][]{table.caption.20}{\376\377\000E\000v\000n\000e\000\040\000b\000e\000s\000k\000r\000i\000v\000e\000l\000s\000e}{chapter*.19}% 30
\BOOKMARK [2][]{section*.21}{\376\377\0006\000.\000\040\000s\000a\000n\000s\000\040\000N\000i\000v\000.\000\040\0001}{table.caption.20}% 31
\BOOKMARK [2][]{section*.21}{\376\377\0006\000.\000\040\000s\000a\000n\000s\000\040\000N\000i\000v\000.\000\040\0002}{table.caption.20}% 32
\BOOKMARK [2][]{section*.21}{\376\377\000B\000o\000n\000k}{table.caption.20}% 33
\BOOKMARK [2][]{section*.21}{\376\377\000B\000r\000u\000g\000\040\000a\000f\000\040\000p\000i\000s\000t\000o\000l}{table.caption.20}% 34
\BOOKMARK [2][]{section*.21}{\376\377\000B\000\346\000r\000e\000\040\000p\000e\000r\000s\000o\000n}{table.caption.20}% 35
\BOOKMARK [2][]{section*.21}{\376\377\000K\000a\000m\000p\000\040\000m\000e\000d\000\040\000t\000o\000h\000\345\000n\000d\000s\000v\000\345\000b\000e\000n}{table.caption.20}% 36
\BOOKMARK [2][]{section*.21}{\376\377\000F\000\370\000r\000s\000t\000e\000h\000j\000\346\000l\000p}{table.caption.20}% 37
\BOOKMARK [2][]{section*.21}{\376\377\000L\000\346\000s\000e\000\040\000o\000g\000\040\000s\000k\000r\000i\000v\000e}{table.caption.20}% 38
\BOOKMARK [2][]{section*.21}{\376\377\000M\000i\000n\000e\000a\000r\000b\000e\000j\000d\000e\000r}{table.caption.20}% 39
\BOOKMARK [2][]{section*.21}{\376\377\000P\000\345\000f\000\370\000r\000\040\000g\000i\000f\000t}{table.caption.20}% 40
\BOOKMARK [2][]{section*.21}{\376\377\000S\000l\000a\000g\000s\000b\000r\000o\000r\000\040\000N\000i\000v\000.\000\040\0001}{table.caption.20}% 41
\BOOKMARK [2][]{section*.21}{\376\377\000S\000l\000a\000g\000s\000b\000r\000o\000r\000\040\000N\000i\000v\000.\000\040\0002}{table.caption.20}% 42
\BOOKMARK [2][]{section*.21}{\376\377\000S\000l\000a\000g\000s\000b\000r\000o\000r\000\040\000N\000i\000v\000.\000\040\0002}{table.caption.20}% 43
\BOOKMARK [2][]{section*.21}{\376\377\000S\000p\000e\000c\000i\000a\000l\000e}{table.caption.20}% 44
\BOOKMARK [2][]{section*.21}{\376\377\000U\000r\000t\000e\000s\000a\000m\000l\000e\000r}{table.caption.20}% 45
